03-Apr-2026 14:59:34.712 INFO [main] org.apache.catalina.startup.VersionLoggerListener.log Server version name:   Apache Tomcat/11.0.20
03-Apr-2026 14:59:34.720 INFO [main] org.apache.catalina.startup.VersionLoggerListener.log Server built:          Mar 16 2026 17:09:18 UTC
03-Apr-2026 14:59:34.721 INFO [main] org.apache.catalina.startup.VersionLoggerListener.log Server version number: 11.0.20.0
03-Apr-2026 14:59:34.722 INFO [main] org.apache.catalina.startup.VersionLoggerListener.log OS Name:               Windows 11
03-Apr-2026 14:59:34.723 INFO [main] org.apache.catalina.startup.VersionLoggerListener.log OS Version:            10.0
03-Apr-2026 14:59:34.723 INFO [main] org.apache.catalina.startup.VersionLoggerListener.log Architecture:          amd64
03-Apr-2026 14:59:34.724 INFO [main] org.apache.catalina.startup.VersionLoggerListener.log Java Home:             C:\Program Files\Java\jdk-23
03-Apr-2026 14:59:34.724 INFO [main] org.apache.catalina.startup.VersionLoggerListener.log JVM Version:           23.0.1+11-39
03-Apr-2026 14:59:34.725 INFO [main] org.apache.catalina.startup.VersionLoggerListener.log JVM Vendor:            Oracle Corporation
03-Apr-2026 14:59:34.726 INFO [main] org.apache.catalina.startup.VersionLoggerListener.log CATALINA_BASE:         C:\Users\Dell\OneDrive\Desktop\java start\week_05\learninglog\tomcat\apache-tomcat-11.0.20
03-Apr-2026 14:59:34.727 INFO [main] org.apache.catalina.startup.VersionLoggerListener.log CATALINA_HOME:         C:\Users\Dell\OneDrive\Desktop\java start\week_05\learninglog\tomcat\apache-tomcat-11.0.20
03-Apr-2026 14:59:34.758 INFO [main] org.apache.catalina.startup.VersionLoggerListener.log Command line argument: -Djava.util.logging.config.file=C:\Users\Dell\OneDrive\Desktop\java start\week_05\learninglog\tomcat\apache-tomcat-11.0.20\conf\logging.properties
03-Apr-2026 14:59:34.759 INFO [main] org.apache.catalina.startup.VersionLoggerListener.log Command line argument: -Djava.util.logging.manager=org.apache.juli.ClassLoaderLogManager
03-Apr-2026 14:59:34.759 INFO [main] org.apache.catalina.startup.VersionLoggerListener.log Command line argument: -Djdk.tls.ephemeralDHKeySize=2048
03-Apr-2026 14:59:34.760 INFO [main] org.apache.catalina.startup.VersionLoggerListener.log Command line argument: --add-opens=java.base/java.lang=ALL-UNNAMED
03-Apr-2026 14:59:34.760 INFO [main] org.apache.catalina.startup.VersionLoggerListener.log Command line argument: --add-opens=java.base/java.lang.reflect=ALL-UNNAMED
03-Apr-2026 14:59:34.761 INFO [main] org.apache.catalina.startup.VersionLoggerListener.log Command line argument: --add-opens=java.base/java.io=ALL-UNNAMED
03-Apr-2026 14:59:34.761 INFO [main] org.apache.catalina.startup.VersionLoggerListener.log Command line argument: --add-opens=java.base/java.util=ALL-UNNAMED
03-Apr-2026 14:59:34.761 INFO [main] org.apache.catalina.startup.VersionLoggerListener.log Command line argument: --add-opens=java.base/java.util.concurrent=ALL-UNNAMED
03-Apr-2026 14:59:34.762 INFO [main] org.apache.catalina.startup.VersionLoggerListener.log Command line argument: --add-opens=java.rmi/sun.rmi.transport=ALL-UNNAMED
03-Apr-2026 14:59:34.762 INFO [main] org.apache.catalina.startup.VersionLoggerListener.log Command line argument: --enable-native-access=ALL-UNNAMED
03-Apr-2026 14:59:34.762 INFO [main] org.apache.catalina.startup.VersionLoggerListener.log Command line argument: -Dcatalina.base=C:\Users\Dell\OneDrive\Desktop\java start\week_05\learninglog\tomcat\apache-tomcat-11.0.20
03-Apr-2026 14:59:34.763 INFO [main] org.apache.catalina.startup.VersionLoggerListener.log Command line argument: -Dcatalina.home=C:\Users\Dell\OneDrive\Desktop\java start\week_05\learninglog\tomcat\apache-tomcat-11.0.20
03-Apr-2026 14:59:34.763 INFO [main] org.apache.catalina.startup.VersionLoggerListener.log Command line argument: -Djava.io.tmpdir=C:\Users\Dell\OneDrive\Desktop\java start\week_05\learninglog\tomcat\apache-tomcat-11.0.20\temp
03-Apr-2026 14:59:34.770 INFO [main] org.apache.catalina.core.AprLifecycleListener.lifecycleEvent Loaded Apache Tomcat Native library [2.0.14] using APR version [1.7.6].
03-Apr-2026 14:59:34.789 INFO [main] org.apache.catalina.core.AprLifecycleListener.initializeSSL OpenSSL successfully initialized [OpenSSL 3.5.5 27 Jan 2026]
03-Apr-2026 14:59:35.386 INFO [main] org.apache.coyote.AbstractProtocol.init Initializing ProtocolHandler ["http-nio-8081"]
03-Apr-2026 14:59:35.447 INFO [main] org.apache.catalina.startup.Catalina.load Server initialization in [1141] milliseconds
03-Apr-2026 14:59:35.597 INFO [main] org.apache.catalina.core.StandardService.startInternal Starting service [Catalina]
03-Apr-2026 14:59:35.598 INFO [main] org.apache.catalina.core.StandardEngine.startInternal Starting Servlet engine: [Apache Tomcat/11.0.20]
03-Apr-2026 14:59:35.663 INFO [main] org.apache.catalina.startup.HostConfig.deployWAR Deploying web application archive [C:\Users\Dell\OneDrive\Desktop\java start\week_05\learninglog\tomcat\apache-tomcat-11.0.20\webapps\learninglog.war]
03-Apr-2026 14:59:37.829 INFO [main] org.apache.jasper.servlet.TldScanner.scanJars At least one JAR was scanned for TLDs yet contained no TLDs. Enable debug logging for this logger for a complete list of JARs that were scanned but no TLDs were found in them. Skipping unneeded JARs during scanning can improve startup time and JSP compilation time.
03-Apr-2026 14:59:38.027 INFO [main] org.apache.catalina.startup.HostConfig.deployWAR Deployment of web application archive [C:\Users\Dell\OneDrive\Desktop\java start\week_05\learninglog\tomcat\apache-tomcat-11.0.20\webapps\learninglog.war] has finished in [2,363] ms
03-Apr-2026 14:59:38.029 INFO [main] org.apache.catalina.startup.HostConfig.deployDirectory Deploying web application directory [C:\Users\Dell\OneDrive\Desktop\java start\week_05\learninglog\tomcat\apache-tomcat-11.0.20\webapps\docs]
03-Apr-2026 14:59:38.136 INFO [main] org.apache.catalina.startup.HostConfig.deployDirectory Deployment of web application directory [C:\Users\Dell\OneDrive\Desktop\java start\week_05\learninglog\tomcat\apache-tomcat-11.0.20\webapps\docs] has finished in [107] ms
03-Apr-2026 14:59:38.138 INFO [main] org.apache.catalina.startup.HostConfig.deployDirectory Deploying web application directory [C:\Users\Dell\OneDrive\Desktop\java start\week_05\learninglog\tomcat\apache-tomcat-11.0.20\webapps\examples]
03-Apr-2026 14:59:39.892 INFO [main] org.apache.catalina.startup.HostConfig.deployDirectory Deployment of web application directory [C:\Users\Dell\OneDrive\Desktop\java start\week_05\learninglog\tomcat\apache-tomcat-11.0.20\webapps\examples] has finished in [1,755] ms
03-Apr-2026 14:59:39.896 INFO [main] org.apache.catalina.startup.HostConfig.deployDirectory Deploying web application directory [C:\Users\Dell\OneDrive\Desktop\java start\week_05\learninglog\tomcat\apache-tomcat-11.0.20\webapps\host-manager]
03-Apr-2026 14:59:40.077 INFO [main] org.apache.catalina.startup.HostConfig.deployDirectory Deployment of web application directory [C:\Users\Dell\OneDrive\Desktop\java start\week_05\learninglog\tomcat\apache-tomcat-11.0.20\webapps\host-manager] has finished in [181] ms
03-Apr-2026 14:59:40.080 INFO [main] org.apache.catalina.startup.HostConfig.deployDirectory Deploying web application directory [C:\Users\Dell\OneDrive\Desktop\java start\week_05\learninglog\tomcat\apache-tomcat-11.0.20\webapps\manager]
03-Apr-2026 14:59:40.227 INFO [main] org.apache.catalina.startup.HostConfig.deployDirectory Deployment of web application directory [C:\Users\Dell\OneDrive\Desktop\java start\week_05\learninglog\tomcat\apache-tomcat-11.0.20\webapps\manager] has finished in [147] ms
03-Apr-2026 14:59:40.229 INFO [main] org.apache.catalina.startup.HostConfig.deployDirectory Deploying web application directory [C:\Users\Dell\OneDrive\Desktop\java start\week_05\learninglog\tomcat\apache-tomcat-11.0.20\webapps\ROOT]
03-Apr-2026 14:59:40.411 INFO [main] org.apache.catalina.startup.HostConfig.deployDirectory Deployment of web application directory [C:\Users\Dell\OneDrive\Desktop\java start\week_05\learninglog\tomcat\apache-tomcat-11.0.20\webapps\ROOT] has finished in [182] ms
03-Apr-2026 14:59:40.438 INFO [main] org.apache.coyote.AbstractProtocol.start Starting ProtocolHandler ["http-nio-8081"]
03-Apr-2026 14:59:40.686 INFO [main] org.apache.catalina.startup.Catalina.start Server startup in [5232] milliseconds
